<?xml version="1.0" encoding="UTF-8"?>
<testsuite name="webinar.TestClass" tests="1" skipped="0" failures="0" errors="0" timestamp="2022-05-26T16:16:38" hostname="DESKTOP-NEA2BMN" time="6.355">
  <properties/>
  <testcase name="testMethod()" classname="webinar.TestClass" time="6.355"/>
  <system-out><![CDATA[]]></system-out>
  <system-err><![CDATA[SLF4J: Failed to load class "org.slf4j.impl.StaticLoggerBinder".
SLF4J: Defaulting to no-operation (NOP) logger implementation
SLF4J: See http://www.slf4j.org/codes.html#StaticLoggerBinder for further details.
Starting ChromeDriver 101.0.4951.41 (93c720db8323b3ec10d056025ab95c23a31997c9-refs/branch-heads/4951@{#904}) on port 15564
Only local connections are allowed.
Please see https://chromedriver.chromium.org/security-considerations for suggestions on keeping ChromeDriver safe.
ChromeDriver was started successfully.
мая 26, 2022 7:16:41 PM org.openqa.selenium.remote.ProtocolHandshake createSession
INFO: Detected dialect: W3C
]]></system-err>
</testsuite>
